[INFO] Scanning for projects...
[INFO] 
[INFO] --------------------< cs.msu.edu:CSCI_440_Project >---------------------
[INFO] Building CSCI_440_Project 1.0-SNAPSHOT
[INFO] --------------------------------[ jar ]---------------------------------
[INFO] 
[INFO] --- maven-resources-plugin:2.6:resources (default-resources) @ CSCI_440_Project ---
[WARNING] Using platform encoding (UTF-8 actually) to copy filtered resources, i.e. build is platform dependent!
[INFO] Copying 33 resources
[INFO] 
[INFO] --- maven-compiler-plugin:3.1:compile (default-compile) @ CSCI_440_Project ---
[INFO] Nothing to compile - all classes are up to date
[INFO] 
[INFO] --- maven-resources-plugin:2.6:testResources (default-testResources) @ CSCI_440_Project ---
[WARNING] Using platform encoding (UTF-8 actually) to copy filtered resources, i.e. build is platform dependent!
[INFO] skip non existing resourceDirectory /home/carson/Projects/msu/csci-440-fall2021/grading/scripts/repos/steven_vought/src/test/resources
[INFO] 
[INFO] --- maven-compiler-plugin:3.1:testCompile (default-testCompile) @ CSCI_440_Project ---
[INFO] Nothing to compile - all classes are up to date
[INFO] 
[INFO] --- maven-surefire-plugin:2.22.1:test (default-test) @ CSCI_440_Project ---
[INFO] 
[INFO] -------------------------------------------------------
[INFO]  T E S T S
[INFO] -------------------------------------------------------
[INFO] Running edu.montana.csci.csci440.model.InvoicesTest
Resetting DB After Test...
Resetting DB After Test...
Resetting DB After Test...
[INFO] Tests run: 3, Failures: 0, Errors: 0, Skipped: 0, Time elapsed: 0.178 s - in edu.montana.csci.csci440.model.InvoicesTest
[INFO] Running edu.montana.csci.csci440.model.ArtistTest
Resetting DB After Test...
Resetting DB After Test...
Resetting DB After Test...
Resetting DB After Test...
Resetting DB After Test...
Resetting DB After Test...
[ERROR] Tests run: 6, Failures: 1, Errors: 0, Skipped: 0, Time elapsed: 0.091 s <<< FAILURE! - in edu.montana.csci.csci440.model.ArtistTest
[ERROR] testOptimisticConcurrencyIsImplemented  Time elapsed: 0.056 s  <<< FAILURE!
org.opentest4j.AssertionFailedError: expected: <false> but was: <true>
	at edu.montana.csci.csci440.model.ArtistTest.testOptimisticConcurrencyIsImplemented(ArtistTest.java:54)

[INFO] Running edu.montana.csci.csci440.model.EmployeeTest
Resetting DB After Test...
edu.montana.csci.csci440.model.Employee@d1c82101
Resetting DB After Test...
Resetting DB After Test...
Resetting DB After Test...
Resetting DB After Test...
Resetting DB After Test...
Resetting DB After Test...
[ERROR] Tests run: 7, Failures: 1, Errors: 1, Skipped: 0, Time elapsed: 0.07 s <<< FAILURE! - in edu.montana.csci.csci440.model.EmployeeTest
[ERROR] testEmployeeHelperOnlyIssuesOneQuery  Time elapsed: 0.026 s  <<< FAILURE!
org.opentest4j.AssertionFailedError: expected: <true> but was: <false>
	at edu.montana.csci.csci440.model.EmployeeTest.testEmployeeHelperOnlyIssuesOneQuery(EmployeeTest.java:89)

[ERROR] testEmployeeSalesReport  Time elapsed: 0.003 s  <<< ERROR!
java.lang.IndexOutOfBoundsException: Index: 0
	at edu.montana.csci.csci440.model.EmployeeTest.testEmployeeSalesReport(EmployeeTest.java:95)

[INFO] Running edu.montana.csci.csci440.model.TrackTest
Resetting DB After Test...
Resetting DB After Test...
Resetting DB After Test...
Resetting DB After Test...
Resetting DB After Test...
Resetting DB After Test...
Resetting DB After Test...
Resetting DB After Test...
Resetting DB After Test...
Resetting DB After Test...
Resetting DB After Test...
[ERROR] Tests run: 11, Failures: 5, Errors: 0, Skipped: 0, Time elapsed: 0.116 s <<< FAILURE! - in edu.montana.csci.csci440.model.TrackTest
[ERROR] testAlbumNameIsStoredOnTrack  Time elapsed: 0.008 s  <<< FAILURE!
org.opentest4j.AssertionFailedError: expected: <50> but was: <51>
	at edu.montana.csci.csci440.model.TrackTest.testAlbumNameIsStoredOnTrack(TrackTest.java:96)

[ERROR] testOrderByWorks  Time elapsed: 0.004 s  <<< FAILURE!
org.opentest4j.AssertionFailedError: expected: <É Uma Partida De Futebol> but was: <For Those About To Rock (We Salute You)>
	at edu.montana.csci.csci440.model.TrackTest.testOrderByWorks(TrackTest.java:102)

[ERROR] testTrackListsWorks  Time elapsed: 0.003 s  <<< FAILURE!
org.opentest4j.AssertionFailedError: expected: <3> but was: <0>
	at edu.montana.csci.csci440.model.TrackTest.testTrackListsWorks(TrackTest.java:108)

[ERROR] trackCountIsCachedInRedis  Time elapsed: 0.003 s  <<< FAILURE!
org.opentest4j.AssertionFailedError: expected: <67> but was: <68>
	at edu.montana.csci.csci440.model.TrackTest.trackCountIsCachedInRedis(TrackTest.java:120)

[ERROR] testArtistNameIsStoredOnTrack  Time elapsed: 0.003 s  <<< FAILURE!
org.opentest4j.AssertionFailedError: expected: <74> but was: <76>
	at edu.montana.csci.csci440.model.TrackTest.testArtistNameIsStoredOnTrack(TrackTest.java:87)

[INFO] Running edu.montana.csci.csci440.model.PlaylistsTest
Resetting DB After Test...
Resetting DB After Test...
Resetting DB After Test...
[INFO] Tests run: 3, Failures: 0, Errors: 0, Skipped: 0, Time elapsed: 0.008 s - in edu.montana.csci.csci440.model.PlaylistsTest
[INFO] Running edu.montana.csci.csci440.model.AlbumTest
Resetting DB After Test...
Resetting DB After Test...
Resetting DB After Test...
Resetting DB After Test...
Resetting DB After Test...
[INFO] Tests run: 5, Failures: 0, Errors: 0, Skipped: 0, Time elapsed: 0.041 s - in edu.montana.csci.csci440.model.AlbumTest
[INFO] Running edu.montana.csci.csci440.model.CustomerTest
Resetting DB After Test...
Resetting DB After Test...
Resetting DB After Test...
[INFO] Tests run: 3, Failures: 0, Errors: 0, Skipped: 0, Time elapsed: 0.011 s - in edu.montana.csci.csci440.model.CustomerTest
[INFO] 
[INFO] Results:
[INFO] 
[ERROR] Failures: 
[ERROR]   ArtistTest.testOptimisticConcurrencyIsImplemented:54 expected: <false> but was: <true>
[ERROR]   EmployeeTest.testEmployeeHelperOnlyIssuesOneQuery:89 expected: <true> but was: <false>
[ERROR]   TrackTest.testAlbumNameIsStoredOnTrack:96 expected: <50> but was: <51>
[ERROR]   TrackTest.testArtistNameIsStoredOnTrack:87 expected: <74> but was: <76>
[ERROR]   TrackTest.testOrderByWorks:102 expected: <É Uma Partida De Futebol> but was: <For Those About To Rock (We Salute You)>
[ERROR]   TrackTest.testTrackListsWorks:108 expected: <3> but was: <0>
[ERROR]   TrackTest.trackCountIsCachedInRedis:120 expected: <67> but was: <68>
[ERROR] Errors: 
[ERROR]   EmployeeTest.testEmployeeSalesReport:95 » IndexOutOfBounds Index: 0
[INFO] 
[ERROR] Tests run: 38, Failures: 7, Errors: 1, Skipped: 0
[INFO] 
[INFO] ------------------------------------------------------------------------
[INFO] BUILD FAILURE
[INFO] ------------------------------------------------------------------------
[INFO] Total time:  2.720 s
[INFO] Finished at: 2021-12-13T20:23:26-07:00
[INFO] ------------------------------------------------------------------------
[ERROR] Failed to execute goal org.apache.maven.plugins:maven-surefire-plugin:2.22.1:test (default-test) on project CSCI_440_Project: There are test failures.
[ERROR] 
[ERROR] Please refer to /home/carson/Projects/msu/csci-440-fall2021/grading/scripts/repos/steven_vought/target/surefire-reports for the individual test results.
[ERROR] Please refer to dump files (if any exist) [date].dump, [date]-jvmRun[N].dump and [date].dumpstream.
[ERROR] -> [Help 1]
[ERROR] 
[ERROR] To see the full stack trace of the errors, re-run Maven with the -e switch.
[ERROR] Re-run Maven using the -X switch to enable full debug logging.
[ERROR] 
[ERROR] For more information about the errors and possible solutions, please read the following articles:
[ERROR] [Help 1] http://cwiki.apache.org/confluence/display/MAVEN/MojoFailureException
